<?xml version="1.0" encoding="UTF-8"?>
<!-- Generated by org.testng.reporters.JUnitXMLReporter -->
<testsuite ignored="0" hostname="DESKTOP-DHLLMMD" failures="0" tests="2" name="Default test" time="3.046" errors="0" timestamp="25 Nov 2019 16:17:14 GMT">
  <testcase classname="com.app.fb.Test.TestApp" name="@BeforeMethod setup" time="2.965">
    <failure type="org.openqa.selenium.SessionNotCreatedException" message="session not created: This version of ChromeDriver only supports Chrome version 76
Build info: version: &amp;apos;3.5.3&amp;apos;, revision: &amp;apos;a88d25fe6b&amp;apos;, time: &amp;apos;2017-08-29T12:42:44.417Z&amp;apos;
System info: host: &amp;apos;DESKTOP-DHLLMMD&amp;apos;, ip: &amp;apos;192.168.0.6&amp;apos;, os.name: &amp;apos;Windows 10&amp;apos;, os.arch: &amp;apos;amd64&amp;apos;, os.version: &amp;apos;10.0&amp;apos;, java.version: &amp;apos;9.0.1&amp;apos;
Driver info: driver.version: ChromeDriver
remote stacktrace: Backtrace:
	Ordinal0 [0x00217C93+1473683]
	Ordinal0 [0x0019ADB1+961969]
	Ordinal0 [0x001242E3+475875]
	Ordinal0 [0x000BF365+62309]
	Ordinal0 [0x000BBC77+48247]
	Ordinal0 [0x000D9149+168265]
	Ordinal0 [0x000D8D1D+167197]
	Ordinal0 [0x000D742B+160811]
	Ordinal0 [0x000C0AE6+68326]
	Ordinal0 [0x000C1BF0+72688]
	Ordinal0 [0x000C1B89+72585]
	Ordinal0 [0x001B4B77+1067895]
	GetHandleVerifier [0x002B6875+506677]
	GetHandleVerifier [0x002B6610+506064]
	GetHandleVerifier [0x002BD1B8+533624]
	GetHandleVerifier [0x002B704A+508682]
	Ordinal0 [0x001AC266+1032806]
	Ordinal0 [0x001AC0DF+1032415]
	Ordinal0 [0x001B6A8B+1075851]
	Ordinal0 [0x001B6BF3+1076211]
	Ordinal0 [0x001B5BA5+1072037]
	BaseThreadInitThunk [0x779C6359+25]
	RtlGetAppContainerNamedObjectPath [0x77D37B74+228]
	RtlGetAppContainerNamedObjectPath [0x77D37B44+180]
	(No symbol) [0x00000000]
">
      <![CDATA[org.openqa.selenium.SessionNotCreatedException: session not created: This version of ChromeDriver only supports Chrome version 76Build info: version: '3.5.3', revision: 'a88d25fe6b', time: '2017-08-29T12:42:44.417Z'System info: host: 'DESKTOP-DHLLMMD', ip: '192.168.0.6', os.name: 'Windows 10', os.arch: 'amd64', os.version: '10.0', java.version: '9.0.1'Driver info: driver.version: ChromeDriverremote stacktrace: Backtrace:Ordinal0 [0x00217C93+1473683]Ordinal0 [0x0019ADB1+961969]Ordinal0 [0x001242E3+475875]Ordinal0 [0x000BF365+62309]Ordinal0 [0x000BBC77+48247]Ordinal0 [0x000D9149+168265]Ordinal0 [0x000D8D1D+167197]Ordinal0 [0x000D742B+160811]Ordinal0 [0x000C0AE6+68326]Ordinal0 [0x000C1BF0+72688]Ordinal0 [0x000C1B89+72585]Ordinal0 [0x001B4B77+1067895]GetHandleVerifier [0x002B6875+506677]GetHandleVerifier [0x002B6610+506064]GetHandleVerifier [0x002BD1B8+533624]GetHandleVerifier [0x002B704A+508682]Ordinal0 [0x001AC266+1032806]Ordinal0 [0x001AC0DF+1032415]Ordinal0 [0x001B6A8B+1075851]Ordinal0 [0x001B6BF3+1076211]Ordinal0 [0x001B5BA5+1072037]BaseThreadInitThunk [0x779C6359+25]RtlGetAppContainerNamedObjectPath [0x77D37B74+228]RtlGetAppContainerNamedObjectPath [0x77D37B44+180](No symbol) [0x00000000]at java.base/jdk.internal.reflect.NativeConstructorAccessorImpl.newInstance0(Native Method)at java.base/jdk.internal.reflect.NativeConstructorAccessorImpl.newInstance(NativeConstructorAccessorImpl.java:62)at java.base/jdk.internal.reflect.DelegatingConstructorAccessorImpl.newInstance(DelegatingConstructorAccessorImpl.java:45)at java.base/java.lang.reflect.Constructor.newInstance(Constructor.java:488)at org.openqa.selenium.remote.W3CHandshakeResponse.lambda$new$0(W3CHandshakeResponse.java:57)at org.openqa.selenium.remote.W3CHandshakeResponse.lambda$getResponseFunction$2(W3CHandshakeResponse.java:104)at org.openqa.selenium.remote.ProtocolHandshake.lambda$createSession$24(ProtocolHandshake.java:359)at java.base/java.util.stream.ReferencePipeline$3$1.accept(ReferencePipeline.java:195)at java.base/java.util.Spliterators$ArraySpliterator.tryAdvance(Spliterators.java:958)at java.base/java.util.stream.ReferencePipeline.forEachWithCancel(ReferencePipeline.java:127)at java.base/java.util.stream.AbstractPipeline.copyIntoWithCancel(AbstractPipeline.java:502)at java.base/java.util.stream.AbstractPipeline.copyInto(AbstractPipeline.java:488)at java.base/java.util.stream.AbstractPipeline.wrapAndCopyInto(AbstractPipeline.java:474)at java.base/java.util.stream.FindOps$FindOp.evaluateSequential(FindOps.java:152)at java.base/java.util.stream.AbstractPipeline.evaluate(AbstractPipeline.java:234)at java.base/java.util.stream.ReferencePipeline.findFirst(ReferencePipeline.java:476)at org.openqa.selenium.remote.ProtocolHandshake.createSession(ProtocolHandshake.java:362)at org.openqa.selenium.remote.ProtocolHandshake.createSession(ProtocolHandshake.java:136)at org.openqa.selenium.remote.HttpCommandExecutor.execute(HttpCommandExecutor.java:142)at org.openqa.selenium.remote.service.DriverCommandExecutor.execute(DriverCommandExecutor.java:82)at org.openqa.selenium.remote.RemoteWebDriver.execute(RemoteWebDriver.java:646)at org.openqa.selenium.remote.RemoteWebDriver.startSession(RemoteWebDriver.java:255)at org.openqa.selenium.remote.RemoteWebDriver.startSession(RemoteWebDriver.java:237)at org.openqa.selenium.remote.RemoteWebDriver.<init>(RemoteWebDriver.java:138)at org.openqa.selenium.chrome.ChromeDriver.<init>(ChromeDriver.java:178)at org.openqa.selenium.chrome.ChromeDriver.<init>(ChromeDriver.java:167)at org.openqa.selenium.chrome.ChromeDriver.<init>(ChromeDriver.java:124)at com.app.fb.Test.TestApp.setup(TestApp.java:23)at java.base/jdk.internal.reflect.NativeMethodAccessorImpl.invoke0(Native Method)at java.base/jdk.internal.reflect.NativeMethodAccessorImpl.invoke(NativeMethodAccessorImpl.java:62)at java.base/jdk.internal.reflect.DelegatingMethodAccessorImpl.invoke(DelegatingMethodAccessorImpl.java:43)at java.base/java.lang.reflect.Method.invoke(Method.java:564)at org.testng.internal.MethodInvocationHelper.invokeMethod(MethodInvocationHelper.java:124)at org.testng.internal.MethodInvocationHelper.invokeMethodConsideringTimeout(MethodInvocationHelper.java:59)at org.testng.internal.Invoker.invokeConfigurationMethod(Invoker.java:451)at org.testng.internal.Invoker.invokeConfigurations(Invoker.java:222)at org.testng.internal.Invoker.invokeMethod(Invoker.java:516)at org.testng.internal.Invoker.invokeTestMethod(Invoker.java:707)at org.testng.internal.Invoker.invokeTestMethods(Invoker.java:979)at org.testng.internal.TestMethodWorker.invokeTestMethods(TestMethodWorker.java:125)at org.testng.internal.TestMethodWorker.run(TestMethodWorker.java:109)at org.testng.TestRunner.privateRun(TestRunner.java:648)at org.testng.TestRunner.run(TestRunner.java:505)at org.testng.SuiteRunner.runTest(SuiteRunner.java:455)at org.testng.SuiteRunner.runSequentially(SuiteRunner.java:450)at org.testng.SuiteRunner.privateRun(SuiteRunner.java:415)at org.testng.SuiteRunner.run(SuiteRunner.java:364)at org.testng.SuiteRunnerWorker.runSuite(SuiteRunnerWorker.java:52)at org.testng.SuiteRunnerWorker.run(SuiteRunnerWorker.java:84)at org.testng.TestNG.runSuitesSequentially(TestNG.java:1187)at org.testng.TestNG.runSuitesLocally(TestNG.java:1116)at org.testng.TestNG.runSuites(TestNG.java:1028)at org.testng.TestNG.run(TestNG.java:996)at org.testng.remote.AbstractRemoteTestNG.run(AbstractRemoteTestNG.java:114)at org.testng.remote.RemoteTestNG.initAndRun(RemoteTestNG.java:251)at org.testng.remote.RemoteTestNG.main(RemoteTestNG.java:77)]]>
    </failure>
  </testcase> <!-- @BeforeMethod setup -->
  <testcase classname="com.app.fb.Test.TestApp" name="@BeforeMethod setup" time="0.0">
    <skipped/>
  </testcase> <!-- @BeforeMethod setup -->
  <testcase classname="com.app.fb.Test.TestApp" name="@AfterTest TearDown" time="0.0">
    <skipped/>
  </testcase> <!-- @AfterTest TearDown -->
  <testcase classname="com.app.fb.Test.TestApp" name="ValidateTitle" time="0.0">
    <skipped/>
  </testcase> <!-- ValidateTitle -->
  <testcase classname="com.app.fb.Test.TestApp" name="LoginTest" time="0.0">
    <skipped/>
  </testcase> <!-- LoginTest -->
</testsuite> <!-- Default test -->
